#
# A fatal error has been detected by the Java Runtime Environment:
#
#  EXCEPTION_STACK_OVERFLOW (0xc00000fd) at pc=0x00000000741dbbfb, pid=17292, tid=0x0000000000003b24
#
# JRE version: Java(TM) SE Runtime Environment (8.0_341-b10) (build 1.8.0_341-b10)
# Java VM: Java HotSpot(TM) 64-Bit Server VM (25.341-b10 mixed mode windows-amd64 compressed oops)
# Problematic frame:
# V  [jvm.dll+0x20bbfb]
#
# Failed to write core dump. Minidumps are not enabled by default on client versions of Windows
#
# If you would like to submit a bug report, please visit:
#   http://bugreport.java.com/bugreport/crash.jsp
#

---------------  T H R E A D  ---------------

Current thread (0x000001f6eb527800):  JavaThread "SpringApplicationShutdownHook" [_thread_in_vm, id=15140, stack(0x000000768b600000,0x000000768b700000)]

siginfo: ExceptionCode=0xc00000fd, ExceptionInformation=0x0000000000000001 0x000000768b6fdf20 

Registers:
RAX=0x0000000000000002, RBX=0x0000000000000002, RCX=0x000000768b6fdf20, RDX=0x0000000000001000
RSP=0x000000768b6fef20, RBP=0x000000768b6ff020, RSI=0x0000000000000002, RDI=0x000001f6e79ee8c8
R8 =0x0000000000000005, R9 =0x0000000000000006, R10=0x000001f6eb8ef680, R11=0x000001f6e79ee8c8
R12=0x000001f6e96fcbc0, R13=0x000000768b6ff2f0, R14=0x000000768b6ff220, R15=0x000000768b6fef20
RIP=0x00000000741dbbfb, EFLAGS=0x0000000000010202

Top of Stack: (sp=0x000000768b6fef20)
0x000000768b6fef20:   000001f6eb527800 0000000000000001
0x000000768b6fef30:   000001f6e79ee8c8 00000000740979ca
0x000000768b6fef40:   000001f6e79ee8c8 000001f6eb527800
0x000000768b6fef50:   0000000000000001 0000000000000000
0x000000768b6fef60:   0000000a00006c00 000001f6e79ee8c8
0x000000768b6fef70:   000001f6eb527800 000001f6d3cf4a20
0x000000768b6fef80:   0000000000000001 0000000000000000
0x000000768b6fef90:   000001f6e79ee8c8 00007ffe00000001
0x000000768b6fefa0:   00007ffe00000005 000001f6eb527800
0x000000768b6fefb0:   000001f6e79ee8c8 000001f6eb527800
0x000000768b6fefc0:   000001f6e79ee8c8 000001f6eb527800
0x000000768b6fefd0:   000001f6eb527800 000001f6eb527800
0x000000768b6fefe0:   0000000000000005 000001f6e79ee8c8
0x000000768b6feff0:   0000000100006c48 000000007409ca87
0x000000768b6ff000:   000001f6e96fcbc0 000000768b6ff061
0x000000768b6ff010:   000001f6e79ee8c8 0000000000000001 

Instructions: (pc=0x00000000741dbbfb)
0x00000000741dbbdb:   f8 7c 33 48 8b de e8 ca 9f 08 00 48 63 d0 ff c6
0x00000000741dbbeb:   48 0f af d3 49 8b cf 48 63 c6 48 2b ca 48 ff c3
0x00000000741dbbfb:   c7 01 00 00 00 00 48 3b 05 b8 09 56 00 7e d7 48
0x00000000741dbc0b:   8b 9d e8 00 00 00 48 8d 54 24 48 48 8d 4d 50 e8 


Register to memory mapping:

RAX=0x0000000000000002 is an unknown value
RBX=0x0000000000000002 is an unknown value
RCX=0x000000768b6fdf20 is pointing into the stack for thread: 0x000001f6eb527800
RDX=0x0000000000001000 is an unknown value
RSP=0x000000768b6fef20 is pointing into the stack for thread: 0x000001f6eb527800
RBP=0x000000768b6ff020 is pointing into the stack for thread: 0x000001f6eb527800
RSI=0x0000000000000002 is an unknown value
RDI={method} {0x000001f6e79ee8d0} 'run' '()V' in 'java/lang/Thread'
R8 =0x0000000000000005 is an unknown value
R9 =0x0000000000000006 is an unknown value
R10=0x000001f6eb8ef680 is an unknown value
R11={method} {0x000001f6e79ee8d0} 'run' '()V' in 'java/lang/Thread'
R12=0x000001f6e96fcbc0 is an unknown value
R13=0x000000768b6ff2f0 is pointing into the stack for thread: 0x000001f6eb527800
R14=0x000000768b6ff220 is pointing into the stack for thread: 0x000001f6eb527800
R15=0x000000768b6fef20 is pointing into the stack for thread: 0x000001f6eb527800


Stack: [0x000000768b600000,0x000000768b700000],  sp=0x000000768b6fef20,  free space=1019k
Native frames: (J=compiled Java code, j=interpreted, Vv=VM code, C=native code)
V  [jvm.dll+0x20bbfb]


---------------  P R O C E S S  ---------------

Java Threads: ( => current thread )
=>0x000001f6eb527800 JavaThread "SpringApplicationShutdownHook" [_thread_in_vm, id=15140, stack(0x000000768b600000,0x000000768b700000)]
  0x000001f6d2482000 JavaThread "DestroyJavaVM" [_thread_blocked, id=14096, stack(0x000000768a000000,0x000000768a100000)]
  0x000001f6e9e6e000 JavaThread "RMI TCP Accept-0" daemon [_thread_in_native, id=8500, stack(0x000000768b400000,0x000000768b500000)]
  0x000001f6e9e6a800 JavaThread "JMX server connection timeout 16" daemon [_thread_blocked, id=11880, stack(0x000000768b300000,0x000000768b400000)]
  0x000001f6e9e64800 JavaThread "RMI Scheduler(0)" daemon [_thread_blocked, id=15568, stack(0x000000768b200000,0x000000768b300000)]
  0x000001f6e9e76800 JavaThread "RMI TCP Connection(2)-127.0.0.1" daemon [_thread_in_native, id=10192, stack(0x000000768b100000,0x000000768b200000)]
  0x000001f6e9e49800 JavaThread "RMI TCP Connection(1)-127.0.0.1" daemon [_thread_in_native, id=14172, stack(0x000000768b000000,0x000000768b100000)]
  0x000001f6e9e48800 JavaThread "RMI TCP Accept-53250" daemon [_thread_in_native, id=14356, stack(0x000000768af00000,0x000000768b000000)]
  0x000001f6e9e3c800 JavaThread "RMI TCP Accept-0" daemon [_thread_in_native, id=12912, stack(0x000000768ae00000,0x000000768af00000)]
  0x000001f6e8a79800 JavaThread "Service Thread" daemon [_thread_blocked, id=8444, stack(0x000000768ad00000,0x000000768ae00000)]
  0x000001f6e8a35800 JavaThread "C1 CompilerThread2" daemon [_thread_blocked, id=11304, stack(0x000000768ac00000,0x000000768ad00000)]
  0x000001f6e8a32800 JavaThread "C2 CompilerThread1" daemon [_thread_blocked, id=14108, stack(0x000000768ab00000,0x000000768ac00000)]
  0x000001f6e8a2e800 JavaThread "C2 CompilerThread0" daemon [_thread_blocked, id=14184, stack(0x000000768aa00000,0x000000768ab00000)]
  0x000001f6e8a28800 JavaThread "Attach Listener" daemon [_thread_blocked, id=15212, stack(0x000000768a900000,0x000000768aa00000)]
  0x000001f6e8a24000 JavaThread "Signal Dispatcher" daemon [_thread_blocked, id=15820, stack(0x000000768a800000,0x000000768a900000)]
  0x000001f6e89ff800 JavaThread "Finalizer" daemon [_thread_blocked, id=10464, stack(0x000000768a700000,0x000000768a800000)]
  0x000001f6e89f8000 JavaThread "Reference Handler" daemon [_thread_blocked, id=11992, stack(0x000000768a600000,0x000000768a700000)]

Other Threads:
  0x000001f6e89d4000 VMThread [stack: 0x000000768a500000,0x000000768a600000] [id=9172]
  0x000001f6e9e70800 WatcherThread [stack: 0x000000768b500000,0x000000768b600000] [id=14868]

VM state:not at safepoint (normal execution)

VM Mutex/Monitor currently owned by a thread: None

OutOfMemory and StackOverflow Exception counts:
OutOfMemoryError java_heap_errors=6

heap address: 0x0000000082c00000, size: 2004 MB, Compressed Oops mode: 32-bit
Narrow klass base: 0x0000000000000000, Narrow klass shift: 3
Compressed class space size: 1073741824 Address: 0x0000000100000000

Heap:
 PSYoungGen      total 95232K, used 19794K [0x00000000d6400000, 0x00000000dcb00000, 0x0000000100000000)
  eden space 85504K, 23% used [0x00000000d6400000,0x00000000d7754ae0,0x00000000db780000)
  from space 9728K, 0% used [0x00000000dc100000,0x00000000dc100000,0x00000000dca80000)
  to   space 9728K, 0% used [0x00000000db780000,0x00000000db780000,0x00000000dc100000)
 ParOldGen       total 83456K, used 12079K [0x0000000082c00000, 0x0000000087d80000, 0x00000000d6400000)
  object space 83456K, 14% used [0x0000000082c00000,0x00000000837cbf18,0x0000000087d80000)
 Metaspace       used 34806K, capacity 37018K, committed 37208K, reserved 1081344K
  class space    used 4840K, capacity 5245K, committed 5248K, reserved 1048576K

Card table byte_map: [0x000001f6e30a0000,0x000001f6e3490000] byte_map_base: 0x000001f6e2c8a000

Marking Bits: (ParMarkBitMap*) 0x00000000747b9030
 Begin Bits: [0x000001f6e3730000, 0x000001f6e5680000)
 End Bits:   [0x000001f6e5680000, 0x000001f6e75d0000)

Polling page: 0x000001f6d23d0000

CodeCache: size=245760Kb used=5919Kb max_used=5919Kb free=239841Kb
 bounds [0x000001f6d3ce0000, 0x000001f6d42b0000, 0x000001f6e2ce0000]
 total_blobs=3310 nmethods=2881 adapters=341
 compilation: enabled

Compilation events (10 events):
Event: 25.269 Thread 0x000001f6e8a35800 2895       1       java.util.logging.LogManager$LoggerContext::getRootLogger (8 bytes)
Event: 25.269 Thread 0x000001f6e8a35800 nmethod 2895 0x000001f6d42a4d10 code [0x000001f6d42a4e60, 0x000001f6d42a4f78]
Event: 25.269 Thread 0x000001f6e8a35800 2896       1       java.util.logging.LogManager$LoggerContext::getGlobalLogger (6 bytes)
Event: 25.269 Thread 0x000001f6e8a35800 nmethod 2896 0x000001f6d42a5010 code [0x000001f6d42a5160, 0x000001f6d42a5278]
Event: 25.279 Thread 0x000001f6e8a35800 2897       1       java.io.ObjectOutputStream::isCustomSubclass (21 bytes)
Event: 25.280 Thread 0x000001f6e8a35800 nmethod 2897 0x000001f6d42a52d0 code [0x000001f6d42a5480, 0x000001f6d42a58a0]
Event: 25.281 Thread 0x000001f6e8a35800 2898       1       java.io.ObjectOutputStream::writeNonProxyDesc (109 bytes)
Event: 25.282 Thread 0x000001f6e8a35800 nmethod 2898 0x000001f6d42a5d10 code [0x000001f6d42a5f80, 0x000001f6d42a6630]
Event: 25.282 Thread 0x000001f6e8a35800 2899       1       java.io.ObjectStreamClass::writeNonProxy (161 bytes)
Event: 25.284 Thread 0x000001f6e8a35800 nmethod 2899 0x000001f6d42a6e50 code [0x000001f6d42a7080, 0x000001f6d42a7810]

GC Heap History (10 events):
Event: 20.402 GC heap before
{Heap before GC invocations=6 (full 1):
 PSYoungGen      total 37888K, used 32768K [0x00000000d6400000, 0x00000000dae00000, 0x0000000100000000)
  eden space 32768K, 100% used [0x00000000d6400000,0x00000000d8400000,0x00000000d8400000)
  from space 5120K, 0% used [0x00000000d8900000,0x00000000d8900000,0x00000000d8e00000)
  to   space 5120K, 0% used [0x00000000d8400000,0x00000000d8400000,0x00000000d8900000)
 ParOldGen       total 55296K, used 6951K [0x0000000082c00000, 0x0000000086200000, 0x00000000d6400000)
  object space 55296K, 12% used [0x0000000082c00000,0x00000000832c9f90,0x0000000086200000)
 Metaspace       used 23515K, capacity 24448K, committed 24704K, reserved 1071104K
  class space    used 3194K, capacity 3433K, committed 3456K, reserved 1048576K
Event: 20.406 GC heap after
Heap after GC invocations=6 (full 1):
 PSYoungGen      total 37888K, used 4859K [0x00000000d6400000, 0x00000000da800000, 0x0000000100000000)
  eden space 32768K, 0% used [0x00000000d6400000,0x00000000d6400000,0x00000000d8400000)
  from space 5120K, 94% used [0x00000000d8400000,0x00000000d88bedd0,0x00000000d8900000)
  to   space 8704K, 0% used [0x00000000d9f80000,0x00000000d9f80000,0x00000000da800000)
 ParOldGen       total 55296K, used 6959K [0x0000000082c00000, 0x0000000086200000, 0x00000000d6400000)
  object space 55296K, 12% used [0x0000000082c00000,0x00000000832cbf90,0x0000000086200000)
 Metaspace       used 23515K, capacity 24448K, committed 24704K, reserved 1071104K
  class space    used 3194K, capacity 3433K, committed 3456K, reserved 1048576K
}
Event: 21.112 GC heap before
{Heap before GC invocations=7 (full 1):
 PSYoungGen      total 37888K, used 37627K [0x00000000d6400000, 0x00000000da800000, 0x0000000100000000)
  eden space 32768K, 100% used [0x00000000d6400000,0x00000000d8400000,0x00000000d8400000)
  from space 5120K, 94% used [0x00000000d8400000,0x00000000d88bedd0,0x00000000d8900000)
  to   space 8704K, 0% used [0x00000000d9f80000,0x00000000d9f80000,0x00000000da800000)
 ParOldGen       total 55296K, used 6959K [0x0000000082c00000, 0x0000000086200000, 0x00000000d6400000)
  object space 55296K, 12% used [0x0000000082c00000,0x00000000832cbf90,0x0000000086200000)
 Metaspace       used 26172K, capacity 27244K, committed 27392K, reserved 1073152K
  class space    used 3579K, capacity 3829K, committed 3840K, reserved 1048576K
Event: 21.123 GC heap after
Heap after GC invocations=7 (full 1):
 PSYoungGen      total 61440K, used 5764K [0x00000000d6400000, 0x00000000da800000, 0x0000000100000000)
  eden space 52736K, 0% used [0x00000000d6400000,0x00000000d6400000,0x00000000d9780000)
  from space 8704K, 66% used [0x00000000d9f80000,0x00000000da5212d0,0x00000000da800000)
  to   space 8192K, 0% used [0x00000000d9780000,0x00000000d9780000,0x00000000d9f80000)
 ParOldGen       total 55296K, used 6967K [0x0000000082c00000, 0x0000000086200000, 0x00000000d6400000)
  object space 55296K, 12% used [0x0000000082c00000,0x00000000832cdf90,0x0000000086200000)
 Metaspace       used 26172K, capacity 27244K, committed 27392K, reserved 1073152K
  class space    used 3579K, capacity 3829K, committed 3840K, reserved 1048576K
}
Event: 23.258 GC heap before
{Heap before GC invocations=8 (full 1):
 PSYoungGen      total 61440K, used 58500K [0x00000000d6400000, 0x00000000da800000, 0x0000000100000000)
  eden space 52736K, 100% used [0x00000000d6400000,0x00000000d9780000,0x00000000d9780000)
  from space 8704K, 66% used [0x00000000d9f80000,0x00000000da5212d0,0x00000000da800000)
  to   space 8192K, 0% used [0x00000000d9780000,0x00000000d9780000,0x00000000d9f80000)
 ParOldGen       total 55296K, used 6967K [0x0000000082c00000, 0x0000000086200000, 0x00000000d6400000)
  object space 55296K, 12% used [0x0000000082c00000,0x00000000832cdf90,0x0000000086200000)
 Metaspace       used 31233K, capacity 33230K, committed 33536K, reserved 1077248K
  class space    used 4394K, capacity 4778K, committed 4864K, reserved 1048576K
Event: 23.276 GC heap after
Heap after GC invocations=8 (full 1):
 PSYoungGen      total 60928K, used 8182K [0x00000000d6400000, 0x00000000dca80000, 0x0000000100000000)
  eden space 52736K, 0% used [0x00000000d6400000,0x00000000d6400000,0x00000000d9780000)
  from space 8192K, 99% used [0x00000000d9780000,0x00000000d9f7da40,0x00000000d9f80000)
  to   space 9728K, 0% used [0x00000000dc100000,0x00000000dc100000,0x00000000dca80000)
 ParOldGen       total 55296K, used 8382K [0x0000000082c00000, 0x0000000086200000, 0x00000000d6400000)
  object space 55296K, 15% used [0x0000000082c00000,0x000000008342f838,0x0000000086200000)
 Metaspace       used 31233K, capacity 33230K, committed 33536K, reserved 1077248K
  class space    used 4394K, capacity 4778K, committed 4864K, reserved 1048576K
}
Event: 24.041 GC heap before
{Heap before GC invocations=9 (full 1):
 PSYoungGen      total 60928K, used 22160K [0x00000000d6400000, 0x00000000dca80000, 0x0000000100000000)
  eden space 52736K, 26% used [0x00000000d6400000,0x00000000d71a6968,0x00000000d9780000)
  from space 8192K, 99% used [0x00000000d9780000,0x00000000d9f7da40,0x00000000d9f80000)
  to   space 9728K, 0% used [0x00000000dc100000,0x00000000dc100000,0x00000000dca80000)
 ParOldGen       total 55296K, used 8382K [0x0000000082c00000, 0x0000000086200000, 0x00000000d6400000)
  object space 55296K, 15% used [0x0000000082c00000,0x000000008342f838,0x0000000086200000)
 Metaspace       used 33199K, capacity 35184K, committed 35416K, reserved 1079296K
  class space    used 4597K, capacity 4977K, committed 4992K, reserved 1048576K
Event: 24.050 GC heap after
Heap after GC invocations=9 (full 1):
 PSYoungGen      total 95232K, used 7385K [0x00000000d6400000, 0x00000000dcb00000, 0x0000000100000000)
  eden space 85504K, 0% used [0x00000000d6400000,0x00000000d6400000,0x00000000db780000)
  from space 9728K, 75% used [0x00000000dc100000,0x00000000dc836468,0x00000000dca80000)
  to   space 9728K, 0% used [0x00000000db780000,0x00000000db780000,0x00000000dc100000)
 ParOldGen       total 55296K, used 8390K [0x0000000082c00000, 0x0000000086200000, 0x00000000d6400000)
  object space 55296K, 15% used [0x0000000082c00000,0x0000000083431838,0x0000000086200000)
 Metaspace       used 33199K, capacity 35184K, committed 35416K, reserved 1079296K
  class space    used 4597K, capacity 4977K, committed 4992K, reserved 1048576K
}
Event: 24.050 GC heap before
{Heap before GC invocations=10 (full 2):
 PSYoungGen      total 95232K, used 7385K [0x00000000d6400000, 0x00000000dcb00000, 0x0000000100000000)
  eden space 85504K, 0% used [0x00000000d6400000,0x00000000d6400000,0x00000000db780000)
  from space 9728K, 75% used [0x00000000dc100000,0x00000000dc836468,0x00000000dca80000)
  to   space 9728K, 0% used [0x00000000db780000,0x00000000db780000,0x00000000dc100000)
 ParOldGen       total 55296K, used 8390K [0x0000000082c00000, 0x0000000086200000, 0x00000000d6400000)
  object space 55296K, 15% used [0x0000000082c00000,0x0000000083431838,0x0000000086200000)
 Metaspace       used 33199K, capacity 35184K, committed 35416K, reserved 1079296K
  class space    used 4597K, capacity 4977K, committed 4992K, reserved 1048576K
Event: 24.117 GC heap after
Heap after GC invocations=10 (full 2):
 PSYoungGen      total 95232K, used 0K [0x00000000d6400000, 0x00000000dcb00000, 0x0000000100000000)
  eden space 85504K, 0% used [0x00000000d6400000,0x00000000d6400000,0x00000000db780000)
  from space 9728K, 0% used [0x00000000dc100000,0x00000000dc100000,0x00000000dca80000)
  to   space 9728K, 0% used [0x00000000db780000,0x00000000db780000,0x00000000dc100000)
 ParOldGen       total 83456K, used 12079K [0x0000000082c00000, 0x0000000087d80000, 0x00000000d6400000)
  object space 83456K, 14% used [0x0000000082c00000,0x00000000837cbf18,0x0000000087d80000)
 Metaspace       used 33199K, capacity 35184K, committed 35416K, reserved 1079296K
  class space    used 4597K, capacity 4977K, committed 4992K, reserved 1048576K
}

Deoptimization events (0 events):
No events

Classes redefined (0 events):
No events

Internal exceptions (10 events):
Event: 24.988 Thread 0x000001f6d2482000 Exception <a 'java/lang/NoClassDefFoundError': oracle/security/pki/OraclePKIProvider> (0x00000000d6f7fbf8) thrown at [C:\jenkins\workspace\8-2-build-windows-x64-cygwin\jdk8u341\2692\hotspot\src\share\vm\classfile\systemDictionary.cpp, line 201]
Event: 25.020 Thread 0x000001f6d2482000 Exception <a 'java/lang/OutOfMemoryError'> (0x00000000d709e350) thrown at [C:\jenkins\workspace\8-2-build-windows-x64-cygwin\jdk8u341\2692\hotspot\src\share\vm\prims\jni.cpp, line 737]
Event: 25.020 Thread 0x000001f6d2482000 Exception <a 'java/lang/OutOfMemoryError'> (0x00000000d709e350) thrown at [C:\jenkins\workspace\8-2-build-windows-x64-cygwin\jdk8u341\2692\hotspot\src\share\vm\prims\jvm.cpp, line 1527]
Event: 25.020 Thread 0x000001f6d2482000 Exception <a 'java/lang/OutOfMemoryError'> (0x00000000d709e350) thrown at [C:\jenkins\workspace\8-2-build-windows-x64-cygwin\jdk8u341\2692\hotspot\src\share\vm\prims\jvm.cpp, line 1527]
Event: 25.020 Thread 0x000001f6d2482000 Exception <a 'java/lang/OutOfMemoryError'> (0x00000000d709e350) thrown at [C:\jenkins\workspace\8-2-build-windows-x64-cygwin\jdk8u341\2692\hotspot\src\share\vm\prims\jvm.cpp, line 1527]
Event: 25.020 Thread 0x000001f6d2482000 Exception <a 'java/lang/OutOfMemoryError'> (0x00000000d709e350) thrown at [C:\jenkins\workspace\8-2-build-windows-x64-cygwin\jdk8u341\2692\hotspot\src\share\vm\prims\jvm.cpp, line 1527]
Event: 25.020 Thread 0x000001f6d2482000 Exception <a 'java/lang/OutOfMemoryError'> (0x00000000d709e350) thrown at [C:\jenkins\workspace\8-2-build-windows-x64-cygwin\jdk8u341\2692\hotspot\src\share\vm\oops\instanceKlass.cpp, line 959]
Event: 25.020 Thread 0x000001f6d2482000 Exception <a 'java/lang/reflect/InvocationTargetException'> (0x00000000d709eb10) thrown at [C:\jenkins\workspace\8-2-build-windows-x64-cygwin\jdk8u341\2692\hotspot\src\share\vm\runtime\reflection.cpp, line 1092]
Event: 25.094 Thread 0x000001f6eb527800 Exception <a 'java/lang/InterruptedException': sleep interrupted> (0x00000000d71f50f0) thrown at [C:\jenkins\workspace\8-2-build-windows-x64-cygwin\jdk8u341\2692\hotspot\src\share\vm\prims\jvm.cpp, line 3369]
Event: 25.173 Thread 0x000001f6d2482000 Exception <a 'java/lang/NoClassDefFoundError': liquibase/exception/ChangeLogParseException> (0x00000000d73840d8) thrown at [C:\jenkins\workspace\8-2-build-windows-x64-cygwin\jdk8u341\2692\hotspot\src\share\vm\classfile\systemDictionary.cpp, line 201]

Events (10 events):
Event: 25.266 loading class org/springframework/boot/SpringBootExceptionHandler done
Event: 25.267 loading class org/springframework/boot/SpringBootExceptionHandler$LoggedExceptionHandlerThreadLocal
Event: 25.267 loading class org/springframework/boot/SpringBootExceptionHandler$LoggedExceptionHandlerThreadLocal done
Event: 25.268 loading class java/util/IdentityHashMap$KeyIterator
Event: 25.268 loading class java/util/IdentityHashMap$KeyIterator done
Event: 25.268 Thread 0x000001f6d2482000 Thread exited: 0x000001f6d2482000
Event: 25.268 Thread 0x000001f6d2482000 Thread added: 0x000001f6d2482000
Event: 25.268 Thread 0x000001f6eb527800 Thread added: 0x000001f6eb527800
Event: 25.269 Thread 0x000001f6e96e0800 Thread added: 0x000001f6e96e0800
Event: 25.269 Thread 0x000001f6e96e0800 Thread exited: 0x000001f6e96e0800


Dynamic libraries:
0x00007ff6d3160000 - 0x00007ff6d31a7000 	D:\Java\jre1.8.0_341\bin\javaw.exe
0x00007ffe57610000 - 0x00007ffe57808000 	C:\WINDOWS\SYSTEM32\ntdll.dll
0x00007ffe57100000 - 0x00007ffe571bd000 	C:\WINDOWS\System32\KERNEL32.DLL
0x00007ffe553a0000 - 0x00007ffe5566e000 	C:\WINDOWS\System32\KERNELBASE.dll
0x00007ffe560c0000 - 0x00007ffe5616e000 	C:\WINDOWS\System32\ADVAPI32.dll
0x00007ffe562a0000 - 0x00007ffe5633e000 	C:\WINDOWS\System32\msvcrt.dll
0x00007ffe56170000 - 0x00007ffe5620c000 	C:\WINDOWS\System32\sechost.dll
0x00007ffe56f70000 - 0x00007ffe57095000 	C:\WINDOWS\System32\RPCRT4.dll
0x00007ffe57430000 - 0x00007ffe575d0000 	C:\WINDOWS\System32\USER32.dll
0x00007ffe55030000 - 0x00007ffe55052000 	C:\WINDOWS\System32\win32u.dll
0x00007ffe57390000 - 0x00007ffe573ba000 	C:\WINDOWS\System32\GDI32.dll
0x00007ffe54d30000 - 0x00007ffe54e3b000 	C:\WINDOWS\System32\gdi32full.dll
0x00007ffe551a0000 - 0x00007ffe5523d000 	C:\WINDOWS\System32\msvcp_win.dll
0x00007ffe54e40000 - 0x00007ffe54f40000 	C:\WINDOWS\System32\ucrtbase.dll
0x00007ffe46520000 - 0x00007ffe467ba000 	C:\WINDOWS\WinSxS\amd64_microsoft.windows.common-controls_6595b64144ccf1df_6.0.19041.1110_none_60b5254171f9507e\COMCTL32.dll
0x00007ffe55cd0000 - 0x00007ffe55d00000 	C:\WINDOWS\System32\IMM32.DLL
0x00007ffe51750000 - 0x00007ffe51765000 	D:\Java\jre1.8.0_341\bin\vcruntime140.dll
0x00007ffe42a40000 - 0x00007ffe42adb000 	D:\Java\jre1.8.0_341\bin\msvcp140.dll
0x0000000073fd0000 - 0x0000000074831000 	D:\Java\jre1.8.0_341\bin\server\jvm.dll
0x00007ffe57420000 - 0x00007ffe57428000 	C:\WINDOWS\System32\PSAPI.DLL
0x00007ffe53460000 - 0x00007ffe53469000 	C:\WINDOWS\SYSTEM32\WSOCK32.dll
0x00007ffe48f10000 - 0x00007ffe48f37000 	C:\WINDOWS\SYSTEM32\WINMM.dll
0x00007ffe4e280000 - 0x00007ffe4e28a000 	C:\WINDOWS\SYSTEM32\VERSION.dll
0x00007ffe55d00000 - 0x00007ffe55d6b000 	C:\WINDOWS\System32\WS2_32.dll
0x00007ffe537f0000 - 0x00007ffe53802000 	C:\WINDOWS\SYSTEM32\kernel.appcore.dll
0x00007ffe516f0000 - 0x00007ffe51700000 	D:\Java\jre1.8.0_341\bin\verify.dll
0x00007ffe4a040000 - 0x00007ffe4a06b000 	D:\Java\jre1.8.0_341\bin\java.dll
0x00007ffe4d0c0000 - 0x00007ffe4d0d8000 	D:\Java\jre1.8.0_341\bin\zip.dll
0x00007ffe56340000 - 0x00007ffe56a84000 	C:\WINDOWS\System32\SHELL32.dll
0x00007ffe52cc0000 - 0x00007ffe53454000 	C:\WINDOWS\SYSTEM32\windows.storage.dll
0x00007ffe55880000 - 0x00007ffe55bd4000 	C:\WINDOWS\System32\combase.dll
0x00007ffe54790000 - 0x00007ffe547c0000 	C:\WINDOWS\SYSTEM32\Wldp.dll
0x00007ffe572e0000 - 0x00007ffe5738d000 	C:\WINDOWS\System32\SHCORE.dll
0x00007ffe573c0000 - 0x00007ffe57415000 	C:\WINDOWS\System32\shlwapi.dll
0x00007ffe54c70000 - 0x00007ffe54c8f000 	C:\WINDOWS\SYSTEM32\profapi.dll
0x00007ffe50050000 - 0x00007ffe5005d000 	D:\Java\jre1.8.0_341\bin\management.dll
0x00007ffe4a120000 - 0x00007ffe4a13c000 	D:\Java\jre1.8.0_341\bin\net.dll
0x00007ffe544f0000 - 0x00007ffe5455a000 	C:\WINDOWS\system32\mswsock.dll
0x00007ffe4a020000 - 0x00007ffe4a033000 	D:\Java\jre1.8.0_341\bin\nio.dll
0x00007ffe3f400000 - 0x00007ffe3f417000 	C:\WINDOWS\system32\napinsp.dll
0x00007ffe3cf80000 - 0x00007ffe3cf9b000 	C:\WINDOWS\system32\pnrpnsp.dll
0x00007ffe3a250000 - 0x00007ffe3a265000 	C:\WINDOWS\system32\wshbth.dll
0x00007ffe50110000 - 0x00007ffe5012d000 	C:\WINDOWS\system32\NLAapi.dll
0x00007ffe54190000 - 0x00007ffe541cb000 	C:\WINDOWS\SYSTEM32\IPHLPAPI.DLL
0x00007ffe54230000 - 0x00007ffe542fa000 	C:\WINDOWS\SYSTEM32\DNSAPI.dll
0x00007ffe55cc0000 - 0x00007ffe55cc8000 	C:\WINDOWS\System32\NSI.dll
0x00007ffe3bde0000 - 0x00007ffe3bdf2000 	C:\WINDOWS\System32\winrnr.dll
0x00007ffe44030000 - 0x00007ffe4403a000 	C:\Windows\System32\rasadhlp.dll
0x00007ffe44580000 - 0x00007ffe44600000 	C:\WINDOWS\System32\fwpuclnt.dll
0x00007ffe54f90000 - 0x00007ffe54fb7000 	C:\WINDOWS\System32\bcrypt.dll
0x00007ffe546e0000 - 0x00007ffe546f8000 	C:\WINDOWS\SYSTEM32\CRYPTSP.dll
0x00007ffe53da0000 - 0x00007ffe53dd4000 	C:\WINDOWS\system32\rsaenh.dll
0x00007ffe54bf0000 - 0x00007ffe54c1e000 	C:\WINDOWS\SYSTEM32\USERENV.dll
0x00007ffe55110000 - 0x00007ffe55192000 	C:\WINDOWS\System32\bcryptprimitives.dll
0x00007ffe54700000 - 0x00007ffe5470c000 	C:\WINDOWS\SYSTEM32\CRYPTBASE.dll
0x00007ffe4bba0000 - 0x00007ffe4bbb7000 	C:\WINDOWS\SYSTEM32\dhcpcsvc6.DLL
0x00007ffe4bcb0000 - 0x00007ffe4bccd000 	C:\WINDOWS\SYSTEM32\dhcpcsvc.DLL
0x00007ffe49ab0000 - 0x00007ffe49ad4000 	D:\Java\jre1.8.0_341\bin\sunec.dll
0x00007ffe49aa0000 - 0x00007ffe49aad000 	D:\Java\jre1.8.0_341\bin\sunmscapi.dll
0x00007ffe55240000 - 0x00007ffe55396000 	C:\WINDOWS\System32\CRYPT32.dll
0x00007ffe54800000 - 0x00007ffe54827000 	C:\WINDOWS\SYSTEM32\ncrypt.dll
0x00007ffe547c0000 - 0x00007ffe547fb000 	C:\WINDOWS\SYSTEM32\NTASN1.dll

VM Arguments:
jvm_args: -Dcom.sun.management.jmxremote -Dcom.sun.management.jmxremote.port=53250 -Dcom.sun.management.jmxremote.authenticate=false -Dcom.sun.management.jmxremote.ssl=false -Djava.rmi.server.hostname=localhost -Dspring.jmx.enabled=true -Dspring.application.admin.enabled=true -XX:TieredStopAtLevel=1 -Dspring.boot.project.name=crud_example -Dfile.encoding=UTF-8 
java_command: com.springboot.crud_example.CrudExampleApplication
java_class_path (initial): D:\Java work\crud_example\target\classes;C:\Users\hp\.m2\repository\org\springframework\boot\spring-boot-starter-data-jpa\2.7.3\spring-boot-starter-data-jpa-2.7.3.jar;C:\Users\hp\.m2\repository\org\springframework\boot\spring-boot-starter-aop\2.7.3\spring-boot-starter-aop-2.7.3.jar;C:\Users\hp\.m2\repository\org\springframework\spring-aop\5.3.22\spring-aop-5.3.22.jar;C:\Users\hp\.m2\repository\org\aspectj\aspectjweaver\1.9.7\aspectjweaver-1.9.7.jar;C:\Users\hp\.m2\repository\org\springframework\boot\spring-boot-starter-jdbc\2.7.3\spring-boot-starter-jdbc-2.7.3.jar;C:\Users\hp\.m2\repository\com\zaxxer\HikariCP\4.0.3\HikariCP-4.0.3.jar;C:\Users\hp\.m2\repository\org\springframework\spring-jdbc\5.3.22\spring-jdbc-5.3.22.jar;C:\Users\hp\.m2\repository\jakarta\transaction\jakarta.transaction-api\1.3.3\jakarta.transaction-api-1.3.3.jar;C:\Users\hp\.m2\repository\jakarta\persistence\jakarta.persistence-api\2.2.3\jakarta.persistence-api-2.2.3.jar;C:\Users\hp\.m2\repository\org\hibernate\hibernate-core\5.6.10.Final\hibernate-core-5.6.10.Final.jar;C:\Users\hp\.m2\repository\org\jboss\logging\jboss-logging\3.4.3.Final\jboss-logging-3.4.3.Final.jar;C:\Users\hp\.m2\repository\net\bytebuddy\byte-buddy\1.12.13\byte-buddy-1.12.13.jar;C:\Users\hp\.m2\repository\antlr\antlr\2.7.7\antlr-2.7.7.jar;C:\Users\hp\.m2\repository\org\jboss\jandex\2.4.2.Final\jandex-2.4.2.Final.jar;C:\Users\hp\.m2\repository\com\fasterxml\classmate\1.5.1\classmate-1.5.1.jar;C:\Users\hp\.m2\repository\org\hibernate\common\hibernate-commons-annotations\5.1.2.Final\hibernate-commons-annotations-5.1.2.Final.jar;C:\Users\hp\.m2\repository\org\glassfish\jaxb\jaxb-runtime\2.3.6\jaxb-runtime-2.3.6.jar;C:\Users\hp\.m2\repository\org\glassfish\jaxb\txw2\2.3.6\txw2-2.3.6.jar;C:\Users\hp\.m2\repository\com\sun\istack\istack-commons-runtime\3.0.12\istack-commons-runtime-3.0.12.jar;C:\Users\hp\.m2\repository\com\sun\activation\jakarta.activation\1.2.2\jakarta.activation-1.2.2.jar;C:\Users\hp\.
Launcher Type: SUN_STANDARD

Environment Variables:
JAVA_HOME=D:\Java\jdk-16.0.1
PATH=C:/Users/hp/.p2/pool/plugins/org.eclipse.justj.openjdk.hotspot.jre.full.win32.x86_64_16.0.1.v20210528-1205/jre/bin/server;C:/Users/hp/.p2/pool/plugins/org.eclipse.justj.openjdk.hotspot.jre.full.win32.x86_64_16.0.1.v20210528-1205/jre/bin;D:\OracleDB\app\oracle\product\10.2.0\server\bin;C:\Program Files (x86)\Common Files\Oracle\Java\javapath;C:\Program Files (x86)\Intel\iCLS Client\;C:\Program Files\Intel\iCLS Client\;C:\Windows\system32;C:\Windows;C:\Windows\System32\Wbem;C:\Windows\System32\WindowsPowerShell\v1.0\;C:\Program Files (x86)\Intel\Intel(R) Management Engine Components\DAL;C:\Program Files\Intel\Intel(R) Management Engine Components\DAL;C:\Program Files (x86)\Intel\Intel(R) Management Engine Components\IPT;C:\Program Files\Intel\Intel(R) Management Engine Components\IPT;C:\Program Files (x86)\NVIDIA Corporation\PhysX\Common;C:\Program Files\Intel\IntelSGXPSW\bin\x64\Release\;C:\Program Files\Intel\IntelSGXPSW\bin\win32\Release\;C:\WINDOWS\system32;C:\WINDOWS;C:\WINDOWS\System32\Wbem;C:\WINDOWS\System32\WindowsPowerShell\v1.0\;C:\WINDOWS\System32\OpenSSH\;C:\Program Files\NVIDIA Corporation\NVIDIA NvDLISR;C:\Program Files\Microsoft SQL Server\Client SDK\ODBC\170\Tools\Binn\;C:\Program Files (x86)\Microsoft SQL Server\150\Tools\Binn\;C:\Program Files\Microsoft SQL Server\150\Tools\Binn\;C:\Program Files\Microsoft SQL Server\150\DTS\Binn\;D:\Java\jdk-16.0.1\bin;C:\Program Files\Git\cmd;C:\Users\hp\AppData\Local\Microsoft\WindowsApps;;C:\Program Files\Azure Data Studio\bin;D:\Intellij\IntelliJ IDEA Community Edition 2021.1.3\bin;;D:\Eclipse\Eclipse new\eclipse;
USERNAME=hp
OS=Windows_NT
PROCESSOR_IDENTIFIER=Intel64 Family 6 Model 78 Stepping 3, GenuineIntel



---------------  S Y S T E M  ---------------

OS: Windows 10 , 64 bit Build 19041 (10.0.19041.1889)

CPU:total 4 (initial active 4) (2 cores per cpu, 2 threads per core) family 6 model 78 stepping 3, cmov, cx8, fxsr, mmx, sse, sse2, sse3, ssse3, sse4.1, sse4.2, popcnt, avx, avx2, aes, clmul, erms, 3dnowpref, lzcnt, ht, tsc, tscinvbit, bmi1, bmi2, adx

Memory: 4k page, physical 8204640k(2039296k free), swap 8204640k(3184k free)

vm_info: Java HotSpot(TM) 64-Bit Server VM (25.341-b10) for windows-amd64 JRE (1.8.0_341-b10), built on Jun 16 2022 15:51:07 by "java_re" with MS VC++ 15.9 (VS2017)

time: Tue Aug 30 23:52:02 2022
timezone: India Standard Time
elapsed time: 25.366755 seconds (0d 0h 0m 25s)

